2026-04-13 11:52:59,052 INFO o.a.j.u.JMeterUtils: Setting Locale to en_EN
2026-04-13 11:52:59,085 INFO o.a.j.JMeter: Loading user properties from: D:\jmeter\apache-jmeter-5.6.3\bin\user.properties
2026-04-13 11:52:59,087 INFO o.a.j.JMeter: Loading system properties from: D:\jmeter\apache-jmeter-5.6.3\bin\system.properties
2026-04-13 11:52:59,097 INFO o.a.j.JMeter: Copyright (c) 1998-2024 The Apache Software Foundation
2026-04-13 11:52:59,098 INFO o.a.j.JMeter: Version 5.6.3
2026-04-13 11:52:59,098 INFO o.a.j.JMeter: java.version=23.0.2
2026-04-13 11:52:59,098 INFO o.a.j.JMeter: java.vm.name=Java HotSpot(TM) 64-Bit Server VM
2026-04-13 11:52:59,098 INFO o.a.j.JMeter: os.name=Windows 11
2026-04-13 11:52:59,098 INFO o.a.j.JMeter: os.arch=amd64
2026-04-13 11:52:59,098 INFO o.a.j.JMeter: os.version=10.0
2026-04-13 11:52:59,099 INFO o.a.j.JMeter: file.encoding=UTF-8
2026-04-13 11:52:59,099 INFO o.a.j.JMeter: java.awt.headless=true
2026-04-13 11:52:59,099 INFO o.a.j.JMeter: Max memory     =1073741824
2026-04-13 11:52:59,099 INFO o.a.j.JMeter: Available Processors =12
2026-04-13 11:52:59,122 INFO o.a.j.JMeter: Default Locale=English (EN)
2026-04-13 11:52:59,122 INFO o.a.j.JMeter: JMeter  Locale=English (EN)
2026-04-13 11:52:59,122 INFO o.a.j.JMeter: JMeterHome=D:\jmeter\apache-jmeter-5.6.3
2026-04-13 11:52:59,122 INFO o.a.j.JMeter: user.dir  =D:\st-testing-casestudy\st-testing
2026-04-13 11:52:59,123 INFO o.a.j.JMeter: PWD       =D:\st-testing-casestudy\st-testing
2026-04-13 11:52:59,132 INFO o.a.j.JMeter: IP: 10.46.131.169 Name: NEWTON FullName: NEWTON
2026-04-13 11:52:59,156 INFO o.a.j.JMeter: Setting property 'jmeter.reportgenerator.outputdir' to:'D:\st-testing-casestudy\st-testing\performance\html_report'
2026-04-13 11:52:59,160 INFO o.a.j.s.FileServer: Default base='D:\st-testing-casestudy\st-testing'
2026-04-13 11:52:59,161 INFO o.a.j.s.FileServer: Set new base='D:\st-testing-casestudy\st-testing\performance\jmx'
2026-04-13 11:52:59,610 INFO o.a.j.s.SaveService: Testplan (JMX) version: 2.2. Testlog (JTL) version: 2.2
2026-04-13 11:52:59,666 INFO o.a.j.s.SaveService: Using SaveService properties version 5.0
2026-04-13 11:52:59,671 INFO o.a.j.s.SaveService: Using SaveService properties file encoding UTF-8
2026-04-13 11:52:59,678 INFO o.a.j.s.SaveService: Loading file: performance\jmx\saucedemo_weekend_lab.jmx
2026-04-13 11:52:59,741 INFO o.a.j.p.h.c.CookieManager: Settings: Delete null: true Check: true Allow variable: true Save: false Prefix: COOKIE_
2026-04-13 11:52:59,780 INFO o.a.j.p.h.s.HTTPSamplerBase: Parser for text/html is org.apache.jmeter.protocol.http.parser.LagartoBasedHtmlParser
2026-04-13 11:52:59,780 INFO o.a.j.p.h.s.HTTPSamplerBase: Parser for application/xhtml+xml is org.apache.jmeter.protocol.http.parser.LagartoBasedHtmlParser
2026-04-13 11:52:59,780 INFO o.a.j.p.h.s.HTTPSamplerBase: Parser for application/xml is org.apache.jmeter.protocol.http.parser.LagartoBasedHtmlParser
2026-04-13 11:52:59,780 INFO o.a.j.p.h.s.HTTPSamplerBase: Parser for text/xml is org.apache.jmeter.protocol.http.parser.LagartoBasedHtmlParser
2026-04-13 11:52:59,780 INFO o.a.j.p.h.s.HTTPSamplerBase: Parser for text/vnd.wap.wml is org.apache.jmeter.protocol.http.parser.RegexpHTMLParser
2026-04-13 11:52:59,780 INFO o.a.j.p.h.s.HTTPSamplerBase: Parser for text/css is org.apache.jmeter.protocol.http.parser.CssParser
2026-04-13 11:52:59,826 INFO o.a.j.JMeter: Creating summariser <summary>
2026-04-13 11:52:59,832 INFO o.a.j.r.d.ReportGenerator: ReportGenerator will use for Parsing the separator: ','
2026-04-13 11:52:59,832 INFO o.a.j.r.d.ReportGenerator: Will generate report at end of test from  results file: performance/results/results.jtl
2026-04-13 11:52:59,832 INFO o.a.j.r.d.ReportGenerator: Reading report generator properties from: D:\jmeter\apache-jmeter-5.6.3\bin\reportgenerator.properties
2026-04-13 11:52:59,833 INFO o.a.j.r.d.ReportGenerator: Merging with JMeter properties
2026-04-13 11:52:59,838 INFO o.a.j.r.c.ReportGeneratorConfiguration: Property 'jmeter.reportgenerator.temp_dir' not found, using default value 'temp' instead.
2026-04-13 11:52:59,842 INFO o.a.j.r.c.ReportGeneratorConfiguration: Property 'jmeter.reportgenerator.apdex_per_transaction' not found, using default value 'null' instead.
2026-04-13 11:52:59,842 INFO o.a.j.r.c.ReportGeneratorConfiguration: apdex_per_transaction is empty, not APDEX per transaction customization
2026-04-13 11:52:59,842 INFO o.a.j.r.c.ReportGeneratorConfiguration: Property 'jmeter.reportgenerator.sample_filter' not found, using default value 'null' instead.
2026-04-13 11:52:59,842 INFO o.a.j.r.c.ReportGeneratorConfiguration: Property 'jmeter.reportgenerator.report_title' not found, using default value 'null' instead.
2026-04-13 11:52:59,842 INFO o.a.j.r.c.ReportGeneratorConfiguration: Property 'jmeter.reportgenerator.start_date' not found, using default value 'null' instead.
2026-04-13 11:52:59,842 INFO o.a.j.r.c.ReportGeneratorConfiguration: Property 'jmeter.reportgenerator.end_date' not found, using default value 'null' instead.
2026-04-13 11:52:59,843 INFO o.a.j.r.c.ReportGeneratorConfiguration: Property 'jmeter.reportgenerator.date_format' not found, using default value 'null' instead.
2026-04-13 11:52:59,843 INFO o.a.j.r.c.ReportGeneratorConfiguration: Will use date range start date: null, end date: null
2026-04-13 11:52:59,852 INFO o.a.j.r.c.ReportGeneratorConfiguration: Property 'jmeter.reportgenerator.graph.totalTPS.exclude_controllers' not found, using default value 'false' instead.
2026-04-13 11:52:59,852 INFO o.a.j.r.c.ReportGeneratorConfiguration: Property 'jmeter.reportgenerator.graph.activeThreadsOverTime.exclude_controllers' not found, using default value 'false' instead.
2026-04-13 11:52:59,852 INFO o.a.j.r.c.ReportGeneratorConfiguration: Property 'jmeter.reportgenerator.graph.timeVsThreads.exclude_controllers' not found, using default value 'false' instead.
2026-04-13 11:52:59,852 INFO o.a.j.r.c.ReportGeneratorConfiguration: Property 'jmeter.reportgenerator.graph.responseTimeDistribution.exclude_controllers' not found, using default value 'false' instead.
2026-04-13 11:52:59,852 INFO o.a.j.r.c.ReportGeneratorConfiguration: Property 'jmeter.reportgenerator.graph.transactionsPerSecond.exclude_controllers' not found, using default value 'false' instead.
2026-04-13 11:52:59,852 INFO o.a.j.r.c.ReportGeneratorConfiguration: Property 'jmeter.reportgenerator.graph.responseTimePercentiles.exclude_controllers' not found, using default value 'false' instead.
2026-04-13 11:52:59,854 INFO o.a.j.r.c.ReportGeneratorConfiguration: Property 'jmeter.reportgenerator.graph.responseTimePercentilesOverTime.exclude_controllers' not found, using default value 'false' instead.
2026-04-13 11:52:59,854 INFO o.a.j.r.c.ReportGeneratorConfiguration: Property 'jmeter.reportgenerator.graph.responseTimesOverTime.exclude_controllers' not found, using default value 'false' instead.
2026-04-13 11:52:59,854 INFO o.a.j.r.c.ReportGeneratorConfiguration: Property 'jmeter.reportgenerator.graph.connectTimeOverTime.exclude_controllers' not found, using default value 'false' instead.
2026-04-13 11:52:59,854 INFO o.a.j.r.c.ReportGeneratorConfiguration: Property 'jmeter.reportgenerator.graph.latenciesOverTime.exclude_controllers' not found, using default value 'false' instead.
2026-04-13 11:52:59,855 INFO o.a.j.r.c.ReportGeneratorConfiguration: Property 'jmeter.reportgenerator.exporter.json.filters_only_sample_series' not found, using default value 'true' instead.
2026-04-13 11:52:59,856 INFO o.a.j.r.c.ReportGeneratorConfiguration: Property 'jmeter.reportgenerator.exporter.json.series_filter' not found, using default value '' instead.
2026-04-13 11:52:59,856 INFO o.a.j.r.c.ReportGeneratorConfiguration: Property 'jmeter.reportgenerator.exporter.json.show_controllers_only' not found, using default value 'false' instead.
2026-04-13 11:52:59,856 INFO o.a.j.r.c.ReportGeneratorConfiguration: Property 'jmeter.reportgenerator.exporter.html.filters_only_sample_series' not found, using default value 'true' instead.
2026-04-13 11:52:59,856 INFO o.a.j.r.c.ReportGeneratorConfiguration: Property 'jmeter.reportgenerator.exporter.html.series_filter' not found, using default value '' instead.
2026-04-13 11:52:59,857 INFO o.a.j.r.c.ReportGeneratorConfiguration: Property 'jmeter.reportgenerator.exporter.html.show_controllers_only' not found, using default value 'false' instead.
2026-04-13 11:52:59,885 INFO o.a.j.e.StandardJMeterEngine: Running the test!
2026-04-13 11:52:59,886 INFO o.a.j.s.SampleEvent: List of sample_variables: []
2026-04-13 11:52:59,887 INFO o.a.j.s.SampleEvent: List of sample_variables: []
2026-04-13 11:52:59,903 INFO o.a.j.e.u.CompoundVariable: Note: Function class names must contain the string: '.functions.'
2026-04-13 11:52:59,903 INFO o.a.j.e.u.CompoundVariable: Note: Function class names must not contain the string: '.gui.'
2026-04-13 11:53:00,091 INFO o.a.j.JMeter: Running test (1776061380091)
2026-04-13 11:53:00,117 INFO o.a.j.e.StandardJMeterEngine: Starting ThreadGroup: 1 : SauceDemo Users
2026-04-13 11:53:00,117 INFO o.a.j.e.StandardJMeterEngine: Starting 20 threads for group SauceDemo Users.
2026-04-13 11:53:00,117 INFO o.a.j.e.StandardJMeterEngine: Thread will continue on error
2026-04-13 11:53:00,117 INFO o.a.j.t.ThreadGroup: Starting thread group... number=1 threads=20 ramp-up=60 delayedStart=false
2026-04-13 11:53:00,127 INFO o.a.j.t.JMeterThread: Thread started: SauceDemo Users 1-1
2026-04-13 11:53:00,138 INFO o.a.j.t.ThreadGroup: Started thread group number 1
2026-04-13 11:53:00,138 INFO o.a.j.e.StandardJMeterEngine: All thread groups have been started
2026-04-13 11:53:00,491 INFO o.a.j.p.h.s.HTTPHCAbstractImpl: Local host = NEWTON
2026-04-13 11:53:00,497 INFO o.a.j.p.h.s.HTTPHC4Impl: HTTP request retry count = 0
2026-04-13 11:53:00,499 INFO o.a.j.s.SampleResult: Note: Sample TimeStamps are START times
2026-04-13 11:53:00,499 INFO o.a.j.s.SampleResult: sampleresult.default.encoding is set to UTF-8
2026-04-13 11:53:00,499 INFO o.a.j.s.SampleResult: sampleresult.useNanoTime=true
2026-04-13 11:53:00,499 INFO o.a.j.s.SampleResult: sampleresult.nanoThreadSleep=5000
2026-04-13 11:53:00,590 INFO o.a.j.p.h.s.h.LazyLayeredConnectionSocketFactory: Setting up HTTPS TrustAll Socket Factory
2026-04-13 11:53:00,604 INFO o.a.j.u.JsseSSLManager: Using default SSL protocol: TLS
2026-04-13 11:53:00,604 INFO o.a.j.u.JsseSSLManager: SSL session context: per-thread
2026-04-13 11:53:00,906 INFO o.a.j.u.SSLManager: JmeterKeyStore Location:  type JKS
2026-04-13 11:53:00,912 INFO o.a.j.u.SSLManager: KeyStore created OK
2026-04-13 11:53:00,913 WARN o.a.j.u.SSLManager: Keystore file not found, loading empty keystore
2026-04-13 11:53:01,895 INFO o.a.j.r.Summariser: summary +      1 in 00:00:02 =    0.6/s Avg:  1330 Min:  1330 Max:  1330 Err:     0 (0.00%) Active: 1 Started: 1 Finished: 0
2026-04-13 11:53:03,124 INFO o.a.j.t.JMeterThread: Thread started: SauceDemo Users 1-2
2026-04-13 11:53:06,123 INFO o.a.j.t.JMeterThread: Thread started: SauceDemo Users 1-3
2026-04-13 11:53:09,121 INFO o.a.j.t.JMeterThread: Thread started: SauceDemo Users 1-4
2026-04-13 11:53:12,122 INFO o.a.j.t.JMeterThread: Thread started: SauceDemo Users 1-5
2026-04-13 11:53:15,119 INFO o.a.j.t.JMeterThread: Thread started: SauceDemo Users 1-6
2026-04-13 11:53:18,132 INFO o.a.j.t.JMeterThread: Thread started: SauceDemo Users 1-7
2026-04-13 11:53:21,120 INFO o.a.j.t.JMeterThread: Thread started: SauceDemo Users 1-8
2026-04-13 11:53:24,124 INFO o.a.j.t.JMeterThread: Thread started: SauceDemo Users 1-9
2026-04-13 11:53:27,122 INFO o.a.j.t.JMeterThread: Thread started: SauceDemo Users 1-10
2026-04-13 11:53:30,006 INFO o.a.j.r.Summariser: summary +    489 in 00:00:28 =   17.4/s Avg:    59 Min:    20 Max:   831 Err:     0 (0.00%) Active: 10 Started: 10 Finished: 0
2026-04-13 11:53:30,007 INFO o.a.j.r.Summariser: summary =    490 in 00:00:30 =   16.4/s Avg:    61 Min:    20 Max:  1330 Err:     0 (0.00%)
2026-04-13 11:53:30,120 INFO o.a.j.t.JMeterThread: Thread started: SauceDemo Users 1-11
2026-04-13 11:53:33,119 INFO o.a.j.t.JMeterThread: Thread started: SauceDemo Users 1-12
2026-04-13 11:53:36,120 INFO o.a.j.t.JMeterThread: Thread started: SauceDemo Users 1-13
2026-04-13 11:53:39,119 INFO o.a.j.t.JMeterThread: Thread started: SauceDemo Users 1-14
2026-04-13 11:53:42,120 INFO o.a.j.t.JMeterThread: Thread started: SauceDemo Users 1-15
2026-04-13 11:53:45,119 INFO o.a.j.t.JMeterThread: Thread started: SauceDemo Users 1-16
2026-04-13 11:53:48,121 INFO o.a.j.t.JMeterThread: Thread started: SauceDemo Users 1-17
2026-04-13 11:53:51,122 INFO o.a.j.t.JMeterThread: Thread started: SauceDemo Users 1-18
2026-04-13 11:53:54,119 INFO o.a.j.t.JMeterThread: Thread started: SauceDemo Users 1-19
2026-04-13 11:53:57,118 INFO o.a.j.t.JMeterThread: Thread started: SauceDemo Users 1-20
2026-04-13 11:54:00,013 INFO o.a.j.r.Summariser: summary +   1466 in 00:00:30 =   48.9/s Avg:    65 Min:    19 Max:   487 Err:     0 (0.00%) Active: 20 Started: 20 Finished: 0
2026-04-13 11:54:00,013 INFO o.a.j.r.Summariser: summary =   1956 in 00:01:00 =   32.6/s Avg:    64 Min:    19 Max:  1330 Err:     0 (0.00%)
2026-04-13 11:54:30,052 INFO o.a.j.r.Summariser: summary +   1830 in 00:00:30 =   60.9/s Avg:    80 Min:    18 Max:   671 Err:     0 (0.00%) Active: 20 Started: 20 Finished: 0
2026-04-13 11:54:30,054 INFO o.a.j.r.Summariser: summary =   3786 in 00:01:30 =   42.1/s Avg:    72 Min:    18 Max:  1330 Err:     0 (0.00%)
2026-04-13 11:55:00,065 INFO o.a.j.r.Summariser: summary +   1708 in 00:00:30 =   56.9/s Avg:    98 Min:    18 Max:   982 Err:     0 (0.00%) Active: 20 Started: 20 Finished: 0
2026-04-13 11:55:00,066 INFO o.a.j.r.Summariser: summary =   5494 in 00:02:00 =   45.8/s Avg:    80 Min:    18 Max:  1330 Err:     0 (0.00%)
2026-04-13 11:55:30,024 INFO o.a.j.r.Summariser: summary +   1797 in 00:00:30 =   60.0/s Avg:    80 Min:    21 Max:   455 Err:     0 (0.00%) Active: 20 Started: 20 Finished: 0
2026-04-13 11:55:30,024 INFO o.a.j.r.Summariser: summary =   7291 in 00:02:30 =   48.6/s Avg:    80 Min:    18 Max:  1330 Err:     0 (0.00%)
2026-04-13 11:55:59,714 INFO o.a.j.t.JMeterThread: Thread finished: SauceDemo Users 1-10
2026-04-13 11:55:59,747 INFO o.a.j.t.JMeterThread: Thread finished: SauceDemo Users 1-16
2026-04-13 11:55:59,780 INFO o.a.j.t.JMeterThread: Thread finished: SauceDemo Users 1-17
2026-04-13 11:55:59,787 INFO o.a.j.t.JMeterThread: Thread finished: SauceDemo Users 1-4
2026-04-13 11:55:59,857 INFO o.a.j.t.JMeterThread: Thread finished: SauceDemo Users 1-15
2026-04-13 11:55:59,857 INFO o.a.j.t.JMeterThread: Thread finished: SauceDemo Users 1-20
2026-04-13 11:55:59,889 INFO o.a.j.t.JMeterThread: Thread finished: SauceDemo Users 1-5
2026-04-13 11:55:59,894 INFO o.a.j.t.JMeterThread: Thread finished: SauceDemo Users 1-7
2026-04-13 11:55:59,984 INFO o.a.j.t.JMeterThread: Thread finished: SauceDemo Users 1-19
2026-04-13 11:55:59,987 INFO o.a.j.t.JMeterThread: Thread finished: SauceDemo Users 1-1
2026-04-13 11:56:00,008 INFO o.a.j.r.Summariser: summary +   1706 in 00:00:30 =   56.9/s Avg:   102 Min:    18 Max:  2022 Err:     0 (0.00%) Active: 10 Started: 20 Finished: 10
2026-04-13 11:56:00,010 INFO o.a.j.r.Summariser: summary =   8997 in 00:03:00 =   50.0/s Avg:    84 Min:    18 Max:  2022 Err:     0 (0.00%)
2026-04-13 11:56:00,030 INFO o.a.j.t.JMeterThread: Thread finished: SauceDemo Users 1-9
2026-04-13 11:56:00,062 INFO o.a.j.t.JMeterThread: Thread finished: SauceDemo Users 1-12
2026-04-13 11:56:00,090 INFO o.a.j.t.JMeterThread: Thread finished: SauceDemo Users 1-8
2026-04-13 11:56:00,113 INFO o.a.j.t.JMeterThread: Thread finished: SauceDemo Users 1-11
2026-04-13 11:56:00,120 INFO o.a.j.t.JMeterThread: Thread finished: SauceDemo Users 1-6
2026-04-13 11:56:00,168 INFO o.a.j.t.JMeterThread: Stopping because end time detected by thread: SauceDemo Users 1-14
2026-04-13 11:56:00,168 INFO o.a.j.t.JMeterThread: Thread finished: SauceDemo Users 1-14
2026-04-13 11:56:00,256 INFO o.a.j.t.JMeterThread: Stopping because end time detected by thread: SauceDemo Users 1-3
2026-04-13 11:56:00,256 INFO o.a.j.t.JMeterThread: Stopping because end time detected by thread: SauceDemo Users 1-18
2026-04-13 11:56:00,256 INFO o.a.j.t.JMeterThread: Stopping because end time detected by thread: SauceDemo Users 1-2
2026-04-13 11:56:00,256 INFO o.a.j.t.JMeterThread: Thread finished: SauceDemo Users 1-3
2026-04-13 11:56:00,256 INFO o.a.j.t.JMeterThread: Thread finished: SauceDemo Users 1-18
2026-04-13 11:56:00,256 INFO o.a.j.t.JMeterThread: Thread finished: SauceDemo Users 1-2
2026-04-13 11:56:00,351 INFO o.a.j.t.JMeterThread: Stopping because end time detected by thread: SauceDemo Users 1-13
2026-04-13 11:56:00,351 INFO o.a.j.t.JMeterThread: Thread finished: SauceDemo Users 1-13
2026-04-13 11:56:00,352 INFO o.a.j.e.StandardJMeterEngine: Notifying test listeners of end of test
2026-04-13 11:56:00,353 INFO o.a.j.r.Summariser: summary +     11 in 00:00:00 =   31.8/s Avg:   152 Min:    40 Max:   457 Err:     0 (0.00%) Active: 0 Started: 20 Finished: 20
2026-04-13 11:56:00,353 INFO o.a.j.r.Summariser: summary =   9008 in 00:03:00 =   50.0/s Avg:    84 Min:    18 Max:  2022 Err:     0 (0.00%)
2026-04-13 11:56:00,355 INFO o.a.j.JMeter: Generating Dashboard
2026-04-13 11:56:00,355 INFO o.a.j.r.d.ReportGenerator: Flushing result collector before report Generation
2026-04-13 11:56:00,399 INFO o.a.j.r.p.NormalizerSampleConsumer: Using format, 'ms', to parse timeStamp field
2026-04-13 11:56:00,857 INFO o.a.j.r.p.AbstractSampleConsumer: class org.apache.jmeter.report.processor.AggregateConsumer#stopProducing(): beginDate produced 0 samples
2026-04-13 11:56:00,857 INFO o.a.j.r.p.AbstractSampleConsumer: class org.apache.jmeter.report.processor.AggregateConsumer#stopProducing(): endDate produced 0 samples
2026-04-13 11:56:00,860 INFO o.a.j.r.p.AbstractSampleConsumer: class org.apache.jmeter.report.processor.ApdexSummaryConsumer#stopProducing(): apdexSummary produced 0 samples
2026-04-13 11:56:00,860 INFO o.a.j.r.p.AbstractSampleConsumer: class org.apache.jmeter.report.processor.RequestsSummaryConsumer#stopProducing(): requestsSummary produced 0 samples
2026-04-13 11:56:00,875 INFO o.a.j.r.p.AbstractSampleConsumer: class org.apache.jmeter.report.processor.StatisticsSummaryConsumer#stopProducing(): statisticsSummary produced 0 samples
2026-04-13 11:56:00,879 INFO o.a.j.r.p.AbstractSampleConsumer: class org.apache.jmeter.report.processor.Top5ErrorsBySamplerConsumer#stopProducing(): top5ErrorsBySampler produced 0 samples
2026-04-13 11:56:00,879 INFO o.a.j.r.p.AbstractSampleConsumer: class org.apache.jmeter.report.processor.ErrorsSummaryConsumer#stopProducing(): errorsSummary produced 0 samples
2026-04-13 11:56:00,879 INFO o.a.j.r.p.AbstractSampleConsumer: class org.apache.jmeter.report.processor.graph.impl.HitsPerSecondGraphConsumer#stopProducing(): hitsPerSecond produced 0 samples
2026-04-13 11:56:01,012 INFO o.a.j.r.p.AbstractSampleConsumer: class org.apache.jmeter.report.processor.graph.impl.LatencyVSRequestGraphConsumer#stopProducing(): latencyVsRequest produced 0 samples
2026-04-13 11:56:01,014 INFO o.a.j.r.p.AbstractSampleConsumer: class org.apache.jmeter.report.processor.graph.impl.SyntheticResponseTimeDistributionGraphConsumer#stopProducing(): syntheticResponseTimeDistribution produced 0 samples
2026-04-13 11:56:01,014 INFO o.a.j.r.p.AbstractSampleConsumer: class org.apache.jmeter.report.processor.graph.impl.BytesThroughputGraphConsumer#stopProducing(): bytesThroughputOverTime produced 0 samples
2026-04-13 11:56:01,014 INFO o.a.j.r.p.AbstractSampleConsumer: class org.apache.jmeter.report.processor.graph.impl.CodesPerSecondGraphConsumer#stopProducing(): codesPerSecond produced 0 samples
2026-04-13 11:56:01,123 INFO o.a.j.r.p.AbstractSampleConsumer: class org.apache.jmeter.report.processor.graph.impl.ResponseTimeVSRequestGraphConsumer#stopProducing(): responseTimeVsRequest produced 0 samples
2026-04-13 11:56:01,125 INFO o.a.j.r.p.AbstractSampleConsumer: class org.apache.jmeter.report.processor.FilterConsumer#stopProducing(): startIntervalControlerFilter produced 63056 samples
2026-04-13 11:56:01,125 INFO o.a.j.r.p.AbstractSampleConsumer: class org.apache.jmeter.report.processor.graph.impl.TotalTPSGraphConsumer#stopProducing(): totalTPS produced 0 samples
2026-04-13 11:56:01,125 INFO o.a.j.r.p.AbstractSampleConsumer: class org.apache.jmeter.report.processor.graph.impl.ActiveThreadsGraphConsumer#stopProducing(): activeThreadsOverTime produced 0 samples
2026-04-13 11:56:01,125 INFO o.a.j.r.p.AbstractSampleConsumer: class org.apache.jmeter.report.processor.graph.impl.TimeVSThreadGraphConsumer#stopProducing(): timeVsThreads produced 0 samples
2026-04-13 11:56:01,125 INFO o.a.j.r.p.AbstractSampleConsumer: class org.apache.jmeter.report.processor.graph.impl.ResponseTimeDistributionGraphConsumer#stopProducing(): responseTimeDistribution produced 0 samples
2026-04-13 11:56:01,125 INFO o.a.j.r.p.AbstractSampleConsumer: class org.apache.jmeter.report.processor.graph.impl.TransactionsPerSecondGraphConsumer#stopProducing(): transactionsPerSecond produced 0 samples
2026-04-13 11:56:01,125 INFO o.a.j.r.p.AbstractSampleConsumer: class org.apache.jmeter.report.processor.graph.impl.ResponseTimePercentilesGraphConsumer#stopProducing(): responseTimePercentiles produced 0 samples
2026-04-13 11:56:01,127 INFO o.a.j.r.p.AbstractSampleConsumer: class org.apache.jmeter.report.processor.graph.impl.ResponseTimePercentilesOverTimeGraphConsumer#stopProducing(): responseTimePercentilesOverTime produced 0 samples
2026-04-13 11:56:01,130 INFO o.a.j.r.p.AbstractSampleConsumer: class org.apache.jmeter.report.processor.graph.impl.ResponseTimeOverTimeGraphConsumer#stopProducing(): responseTimesOverTime produced 0 samples
2026-04-13 11:56:01,130 INFO o.a.j.r.p.AbstractSampleConsumer: class org.apache.jmeter.report.processor.graph.impl.ConnectTimeOverTimeGraphConsumer#stopProducing(): connectTimeOverTime produced 0 samples
2026-04-13 11:56:01,130 INFO o.a.j.r.p.AbstractSampleConsumer: class org.apache.jmeter.report.processor.graph.impl.LatencyOverTimeGraphConsumer#stopProducing(): latenciesOverTime produced 0 samples
2026-04-13 11:56:01,130 INFO o.a.j.r.p.AbstractSampleConsumer: class org.apache.jmeter.report.processor.FilterConsumer#stopProducing(): nameFilter produced 135120 samples
2026-04-13 11:56:01,130 INFO o.a.j.r.p.AbstractSampleConsumer: class org.apache.jmeter.report.processor.FilterConsumer#stopProducing(): dateRangeFilter produced 27024 samples
2026-04-13 11:56:01,130 INFO o.a.j.r.p.AbstractSampleConsumer: class org.apache.jmeter.report.processor.NormalizerSampleConsumer#stopProducing(): normalizer produced 9008 samples
2026-04-13 11:56:01,131 INFO o.a.j.r.p.CsvFileSampleSource: produce(): 9008 samples produced in 701ms on channel 0
2026-04-13 11:56:01,131 INFO o.a.j.r.d.ReportGenerator: Exporting data using exporter:'json' of className:'org.apache.jmeter.report.dashboard.JsonExporter'
2026-04-13 11:56:01,241 INFO o.a.j.r.d.JsonExporter: Found data for consumer statisticsSummary in context
2026-04-13 11:56:01,241 INFO o.a.j.r.d.JsonExporter: Creating statistics for overall
2026-04-13 11:56:01,241 INFO o.a.j.r.d.JsonExporter: Creating statistics for other transactions
2026-04-13 11:56:01,242 INFO o.a.j.r.d.JsonExporter: Checking output folder
2026-04-13 11:56:01,243 INFO o.a.j.r.d.JsonExporter: Writing statistics JSON to D:\st-testing-casestudy\st-testing\performance\html_report\statistics.json
2026-04-13 11:56:01,313 INFO o.a.j.r.d.ReportGenerator: Exporting data using exporter:'html' of className:'org.apache.jmeter.report.dashboard.HtmlTemplateExporter'
2026-04-13 11:56:01,316 INFO o.a.j.r.d.HtmlTemplateExporter: Will generate dashboard in folder: D:\st-testing-casestudy\st-testing\performance\html_report
2026-04-13 11:56:01,467 INFO o.a.j.r.d.HtmlTemplateExporter: Report will be generated in: D:\st-testing-casestudy\st-testing\performance\html_report, creating folder structure
2026-04-13 11:56:01,472 INFO o.a.j.r.d.TemplateVisitor: Copying folder from 'D:\jmeter\apache-jmeter-5.6.3\bin\report-template' to 'D:\st-testing-casestudy\st-testing\performance\html_report', got message: D:\st-testing-casestudy\st-testing\performance\html_report, found non empty folder with following content [D:\st-testing-casestudy\st-testing\performance\html_report\statistics.json], will be ignored
2026-04-13 11:56:01,890 INFO o.a.j.JMeter: Dashboard generated
